kuokko.loadBundle('/**:bundle-id:**/', ['exports'], function (exports) {
    var h = window.kuokko.h;
    var MyComponent = /** @class */ (function () {
        function MyComponent() {
        }
        MyComponent.prototype.getReceipts = function () {
            return [
                {
                    title: "Paella valenciana",
                    cookTime: "40m",
                    dificulty: "easy",
                    author: "El comidista",
                    ingredients: [
                        {
                            id: "05060a54-dfa2-4abd-9c8d-b3ec27a8a3ed",
                            name: "Azafran",
                            quantity: "unas hebras"
                        },
                        {
                            id: "19a33bc1-c114-4dee-81aa-13fcc28f58b8",
                            name: "Garrofó fresco",
                            quantity: "100gr"
                        },
                        {
                            id: "4cbbff36-a583-46c3-b922-0ab5c182dff3",
                            name: "Pimenton",
                            quantity: "1 pellizco",
                            preparation: "molido"
                        }
                    ],
                },
                {
                    title: "Paella de marisco",
                    cookTime: "40m",
                    dificulty: "easy",
                    author: "El paellador",
                    ingredients: [
                        {
                            id: "05060a54-dfa2-4abd-9c8d-b3ec27a8a3ed",
                            name: "Azafran",
                            quantity: "unas hebras"
                        },
                        {
                            id: "19a33bc1-c114-4dee-81aa-13fcc28f58b8",
                            name: "Garrofó fresco",
                            quantity: "100gr"
                        },
                        {
                            id: "4cbbff36-a583-46c3-b922-0ab5c182dff3",
                            name: "Pimenton",
                            quantity: "1 pellizco",
                            preparation: "molido"
                        }
                    ],
                }
            ];
        };
        MyComponent.prototype.render = function () {
            return (h("div", null, this.getReceipts().map(function (receipt, index) { return h("div", null, "if (", index, " === 0) ", h("div", null, "return ( ", h("h1", null, receipt.title), " )"), " else ", h("div", null, "return ( ", h("h2", null, receipt.title), " )")); })));
        };
        Object.defineProperty(MyComponent, "is", {
            get: function () { return "kuo-receipts"; },
            enumerable: true,
            configurable: true
        });
        Object.defineProperty(MyComponent, "encapsulation", {
            get: function () { return "shadow"; },
            enumerable: true,
            configurable: true
        });
        Object.defineProperty(MyComponent, "style", {
            get: function () { return "/**style-placeholder:kuo-receipts:**/"; },
            enumerable: true,
            configurable: true
        });
        return MyComponent;
    }());
    exports.KuoReceipts = MyComponent;
    Object.defineProperty(exports, '__esModule', { value: true });
});
